<?xml version="1.0" encoding="UTF-8"?>
<!-- Generated by org.testng.reporters.JUnitXMLReporter -->
<testsuite hostname="loadrunner-PC" name="Regression13" tests="1" failures="1" timestamp="15 Apr 2017 10:34:36 GMT" time="0.676" errors="0">
  <testcase name="sample" time="0.642" classname="week3_sat_grid.Grid1">
    <failure type="org.openqa.selenium.WebDriverException" message="Error forwarding the new session cannot find : Capabilities [{platform=WINDOWS, ensureCleanSession=true, browserName=iexplore, version=}]
Command duration or timeout: 127 milliseconds
Build info: version: &amp;apos;2.50.0&amp;apos;, revision: &amp;apos;1070ace&amp;apos;, time: &amp;apos;2016-01-27 18:43:24&amp;apos;
System info: host: &amp;apos;loadrunner-PC&amp;apos;, ip: &amp;apos;192.168.1.54&amp;apos;, os.name: &amp;apos;Windows 7&amp;apos;, os.arch: &amp;apos;amd64&amp;apos;, os.version: &amp;apos;6.1&amp;apos;, java.version: &amp;apos;1.7.0_79&amp;apos;
Driver info: org.openqa.selenium.remote.RemoteWebDriver">
      <![CDATA[org.openqa.selenium.WebDriverException: Error forwarding the new session cannot find : Capabilities [{platform=WINDOWS, ensureCleanSession=true, browserName=iexplore, version=}]
Command duration or timeout: 127 milliseconds
Build info: version: '2.50.0', revision: '1070ace', time: '2016-01-27 18:43:24'
System info: host: 'loadrunner-PC', ip: '192.168.1.54', os.name: 'Windows 7', os.arch: 'amd64', os.version: '6.1', java.version: '1.7.0_79'
Driver info: org.openqa.selenium.remote.RemoteWebDriver
	at org.openqa.selenium.remote.ErrorHandler.createThrowable(ErrorHandler.java:206)
	at org.openqa.selenium.remote.ErrorHandler.throwIfResponseFailed(ErrorHandler.java:158)
	at org.openqa.selenium.remote.RemoteWebDriver.execute(RemoteWebDriver.java:678)
	at org.openqa.selenium.remote.RemoteWebDriver.startSession(RemoteWebDriver.java:249)
	at org.openqa.selenium.remote.RemoteWebDriver.<init>(RemoteWebDriver.java:131)
	at org.openqa.selenium.remote.RemoteWebDriver.<init>(RemoteWebDriver.java:158)
	at week3_sat_grid.Grid1.sample(Grid1.java:46)
	at java.util.concurrent.FutureTask.run(Unknown Source)
	at java.util.concurrent.ThreadPoolExecutor.runWorker(Unknown Source)
	at java.util.concurrent.ThreadPoolExecutor$Worker.run(Unknown Source)
	at java.lang.Thread.run(Unknown Source)
Caused by: org.openqa.grid.common.exception.GridException: Error forwarding the new session cannot find : Capabilities [{platform=WINDOWS, ensureCleanSession=true, browserName=iexplore, version=}]
	at org.openqa.grid.web.servlet.handler.RequestHandler.process(RequestHandler.java:115)
	at org.openqa.grid.web.servlet.DriverServlet.process(DriverServlet.java:83)
	at org.openqa.grid.web.servlet.DriverServlet.doPost(DriverServlet.java:67)
	at javax.servlet.http.HttpServlet.service(HttpServlet.java:707)
	at javax.servlet.http.HttpServlet.service(HttpServlet.java:790)
	at org.seleniumhq.jetty9.servlet.ServletHolder.handle(ServletHolder.java:808)
	at org.seleniumhq.jetty9.servlet.ServletHandler.doHandle(ServletHandler.java:587)
	at org.seleniumhq.jetty9.server.session.SessionHandler.doHandle(SessionHandler.java:221)
	at org.seleniumhq.jetty9.server.handler.ContextHandler.doHandle(ContextHandler.java:1127)
	at org.seleniumhq.jetty9.servlet.ServletHandler.doScope(ServletHandler.java:515)
	at org.seleniumhq.jetty9.server.session.SessionHandler.doScope(SessionHandler.java:185)
	at org.seleniumhq.jetty9.server.handler.ContextHandler.doScope(ContextHandler.java:1061)
	at org.seleniumhq.jetty9.server.handler.ScopedHandler.handle(ScopedHandler.java:141)
	at org.seleniumhq.jetty9.server.handler.HandlerWrapper.handle(HandlerWrapper.java:97)
	at org.seleniumhq.jetty9.server.Server.handle(Server.java:499)
	at org.seleniumhq.jetty9.server.HttpChannel.handle(HttpChannel.java:310)
	at org.seleniumhq.jetty9.server.HttpConnection.onFillable(HttpConnection.java:257)
	at org.seleniumhq.jetty9.io.AbstractConnection$2.run(AbstractConnection.java:540)
	at org.seleniumhq.jetty9.util.thread.QueuedThreadPool.runJob(QueuedThreadPool.java:635)
	at org.seleniumhq.jetty9.util.thread.QueuedThreadPool$3.run(QueuedThreadPool.java:555)
	... 1 more
... Removed 20 stack frames]]>
    </failure>
  </testcase> <!-- sample -->
</testsuite> <!-- Regression13 -->
