<?xml version="1.0" encoding="UTF-8"?>
<testng-results skipped="0" failed="0" total="1" passed="1">
  <reporter-output>
  </reporter-output>
  <suite name="Default suite" duration-ms="24663" started-at="2017-04-22T07:59:46Z" finished-at="2017-04-22T08:00:10Z">
    <groups>
    </groups>
    <test name="Default test" duration-ms="24663" started-at="2017-04-22T07:59:46Z" finished-at="2017-04-22T08:00:10Z">
      <class name="sample.ExplicitWait_Fluentwait">
        <test-method status="PASS" signature="waitTest()[pri:0, instance:sample.ExplicitWait_Fluentwait@6d849e87]" name="waitTest" duration-ms="24638" started-at="2017-04-22T13:29:46Z" finished-at="2017-04-22T13:30:10Z">
          <reporter-output>
          </reporter-output>
        </test-method> <!-- waitTest -->
      </class> <!-- sample.ExplicitWait_Fluentwait -->
    </test> <!-- Default test -->
  </suite> <!-- Default suite -->
</testng-results>
